2022-02-02 18:34:32 [main] INFO  c.m.d.t.t.k.s.TwitterToKafkaServiceApplicationKt - Starting TwitterToKafkaServiceApplicationKt using Java 11.0.11 on DESKTOP-3J5SO4P with PID 14168 (C:\kotlin-microservices-study\microservices-demo\twitter-to-kafka-service\build\classes\kotlin\main started by Luiz in C:\kotlin-microservices-study\microservices-demo)
2022-02-02 18:34:32 [main] INFO  c.m.d.t.t.k.s.TwitterToKafkaServiceApplicationKt - No active profile set, falling back to default profiles: default
2022-02-02 18:34:33 [main] WARN  o.s.c.a.AnnotationConfigApplicationContext - Exception encountered during context initialization - cancelling refresh attempt: org.springframework.beans.factory.UnsatisfiedDependencyException: Error creating bean with name 'twitterToKafkaServiceApplication': Unsatisfied dependency expressed through constructor parameter 0; nested exception is org.springframework.beans.factory.NoSuchBeanDefinitionException: No qualifying bean of type 'com.microservices.demo.twitter.to.kafka.service.config.TwitterToKafkaServiceConfigData' available: expected at least 1 bean which qualifies as autowire candidate. Dependency annotations: {}
2022-02-02 18:34:33 [main] INFO  o.s.b.a.l.ConditionEvaluationReportLoggingListener - 

Error starting ApplicationContext. To display the conditions report re-run your application with 'debug' enabled.
2022-02-02 18:34:33 [main] ERROR o.s.b.d.LoggingFailureAnalysisReporter - 

***************************
APPLICATION FAILED TO START
***************************

Description:

Parameter 0 of constructor in com.microservices.demo.twitter.to.kafka.service.TwitterToKafkaServiceApplication required a bean of type 'com.microservices.demo.twitter.to.kafka.service.config.TwitterToKafkaServiceConfigData' that could not be found.


Action:

Consider defining a bean of type 'com.microservices.demo.twitter.to.kafka.service.config.TwitterToKafkaServiceConfigData' in your configuration.

2022-02-02 18:35:34 [main] INFO  c.m.d.t.t.k.s.TwitterToKafkaServiceApplicationKt - Starting TwitterToKafkaServiceApplicationKt using Java 11.0.11 on DESKTOP-3J5SO4P with PID 18952 (C:\kotlin-microservices-study\microservices-demo\twitter-to-kafka-service\build\classes\kotlin\main started by Luiz in C:\kotlin-microservices-study\microservices-demo)
2022-02-02 18:35:34 [main] INFO  c.m.d.t.t.k.s.TwitterToKafkaServiceApplicationKt - No active profile set, falling back to default profiles: default
2022-02-02 18:35:34 [main] WARN  o.s.c.a.AnnotationConfigApplicationContext - Exception encountered during context initialization - cancelling refresh attempt: org.springframework.beans.factory.UnsatisfiedDependencyException: Error creating bean with name 'twitterToKafkaServiceApplication': Unsatisfied dependency expressed through constructor parameter 0; nested exception is org.springframework.beans.factory.NoSuchBeanDefinitionException: No qualifying bean of type 'com.microservices.demo.twitter.to.kafka.service.config.TwitterToKafkaServiceConfigData' available: expected at least 1 bean which qualifies as autowire candidate. Dependency annotations: {}
2022-02-02 18:35:34 [main] INFO  o.s.b.a.l.ConditionEvaluationReportLoggingListener - 

Error starting ApplicationContext. To display the conditions report re-run your application with 'debug' enabled.
2022-02-02 18:35:34 [main] ERROR o.s.b.d.LoggingFailureAnalysisReporter - 

***************************
APPLICATION FAILED TO START
***************************

Description:

Parameter 0 of constructor in com.microservices.demo.twitter.to.kafka.service.TwitterToKafkaServiceApplication required a bean of type 'com.microservices.demo.twitter.to.kafka.service.config.TwitterToKafkaServiceConfigData' that could not be found.


Action:

Consider defining a bean of type 'com.microservices.demo.twitter.to.kafka.service.config.TwitterToKafkaServiceConfigData' in your configuration.

2022-02-02 18:36:07 [main] INFO  c.m.d.t.t.k.s.TwitterToKafkaServiceApplicationKt - Starting TwitterToKafkaServiceApplicationKt using Java 11.0.11 on DESKTOP-3J5SO4P with PID 22092 (C:\kotlin-microservices-study\microservices-demo\twitter-to-kafka-service\build\classes\kotlin\main started by Luiz in C:\kotlin-microservices-study\microservices-demo)
2022-02-02 18:36:07 [main] INFO  c.m.d.t.t.k.s.TwitterToKafkaServiceApplicationKt - No active profile set, falling back to default profiles: default
2022-02-02 18:36:08 [main] WARN  o.s.c.a.AnnotationConfigApplicationContext - Exception encountered during context initialization - cancelling refresh attempt: org.springframework.beans.factory.UnsatisfiedDependencyException: Error creating bean with name 'twitterToKafkaServiceApplication': Unsatisfied dependency expressed through constructor parameter 0; nested exception is org.springframework.beans.factory.NoSuchBeanDefinitionException: No qualifying bean of type 'com.microservices.demo.twitter.to.kafka.service.config.TwitterToKafkaServiceConfigData' available: expected at least 1 bean which qualifies as autowire candidate. Dependency annotations: {}
2022-02-02 18:36:08 [main] INFO  o.s.b.a.l.ConditionEvaluationReportLoggingListener - 

Error starting ApplicationContext. To display the conditions report re-run your application with 'debug' enabled.
2022-02-02 18:36:08 [main] ERROR o.s.b.d.LoggingFailureAnalysisReporter - 

***************************
APPLICATION FAILED TO START
***************************

Description:

Parameter 0 of constructor in com.microservices.demo.twitter.to.kafka.service.TwitterToKafkaServiceApplication required a bean of type 'com.microservices.demo.twitter.to.kafka.service.config.TwitterToKafkaServiceConfigData' that could not be found.


Action:

Consider defining a bean of type 'com.microservices.demo.twitter.to.kafka.service.config.TwitterToKafkaServiceConfigData' in your configuration.

2022-02-02 18:40:51 [main] INFO  c.m.d.t.t.k.s.TwitterToKafkaServiceApplicationKt - Starting TwitterToKafkaServiceApplicationKt using Java 11.0.11 on DESKTOP-3J5SO4P with PID 10612 (C:\kotlin-microservices-study\microservices-demo\twitter-to-kafka-service\build\classes\kotlin\main started by Luiz in C:\kotlin-microservices-study\microservices-demo)
2022-02-02 18:40:51 [main] INFO  c.m.d.t.t.k.s.TwitterToKafkaServiceApplicationKt - No active profile set, falling back to default profiles: default
2022-02-02 18:40:52 [main] WARN  o.s.c.a.AnnotationConfigApplicationContext - Exception encountered during context initialization - cancelling refresh attempt: org.springframework.beans.factory.UnsatisfiedDependencyException: Error creating bean with name 'twitterToKafkaServiceApplication': Unsatisfied dependency expressed through constructor parameter 0; nested exception is org.springframework.beans.factory.NoSuchBeanDefinitionException: No qualifying bean of type 'com.microservices.demo.twitter.to.kafka.service.config.TwitterToKafkaServiceConfigData' available: expected at least 1 bean which qualifies as autowire candidate. Dependency annotations: {}
2022-02-02 18:40:52 [main] INFO  o.s.b.a.l.ConditionEvaluationReportLoggingListener - 

Error starting ApplicationContext. To display the conditions report re-run your application with 'debug' enabled.
2022-02-02 18:40:52 [main] ERROR o.s.b.d.LoggingFailureAnalysisReporter - 

***************************
APPLICATION FAILED TO START
***************************

Description:

Parameter 0 of constructor in com.microservices.demo.twitter.to.kafka.service.TwitterToKafkaServiceApplication required a bean of type 'com.microservices.demo.twitter.to.kafka.service.config.TwitterToKafkaServiceConfigData' that could not be found.


Action:

Consider defining a bean of type 'com.microservices.demo.twitter.to.kafka.service.config.TwitterToKafkaServiceConfigData' in your configuration.

2022-02-02 18:45:47 [main] INFO  c.m.d.t.t.k.s.TwitterToKafkaServiceApplicationKt - Starting TwitterToKafkaServiceApplicationKt using Java 11.0.11 on DESKTOP-3J5SO4P with PID 27952 (C:\kotlin-microservices-study\microservices-demo\twitter-to-kafka-service\build\classes\kotlin\main started by Luiz in C:\kotlin-microservices-study\microservices-demo)
2022-02-02 18:45:47 [main] INFO  c.m.d.t.t.k.s.TwitterToKafkaServiceApplicationKt - No active profile set, falling back to default profiles: default
2022-02-02 18:45:48 [main] WARN  o.s.c.a.AnnotationConfigApplicationContext - Exception encountered during context initialization - cancelling refresh attempt: org.springframework.beans.factory.UnsatisfiedDependencyException: Error creating bean with name 'twitterToKafkaServiceApplication': Unsatisfied dependency expressed through constructor parameter 0; nested exception is org.springframework.beans.factory.NoSuchBeanDefinitionException: No qualifying bean of type 'com.microservices.demo.twitter.to.kafka.service.config.TwitterToKafkaServiceConfigData' available: expected at least 1 bean which qualifies as autowire candidate. Dependency annotations: {@org.springframework.beans.factory.annotation.Autowired(required=true)}
2022-02-02 18:45:48 [main] INFO  o.s.b.a.l.ConditionEvaluationReportLoggingListener - 

Error starting ApplicationContext. To display the conditions report re-run your application with 'debug' enabled.
2022-02-02 18:45:48 [main] ERROR o.s.b.d.LoggingFailureAnalysisReporter - 

***************************
APPLICATION FAILED TO START
***************************

Description:

Parameter 0 of constructor in com.microservices.demo.twitter.to.kafka.service.TwitterToKafkaServiceApplication required a bean of type 'com.microservices.demo.twitter.to.kafka.service.config.TwitterToKafkaServiceConfigData' that could not be found.

The injection point has the following annotations:
	- @org.springframework.beans.factory.annotation.Autowired(required=true)


Action:

Consider defining a bean of type 'com.microservices.demo.twitter.to.kafka.service.config.TwitterToKafkaServiceConfigData' in your configuration.

2022-02-02 18:46:04 [main] INFO  c.m.d.t.t.k.s.TwitterToKafkaServiceApplicationKt - Starting TwitterToKafkaServiceApplicationKt using Java 11.0.11 on DESKTOP-3J5SO4P with PID 20536 (C:\kotlin-microservices-study\microservices-demo\twitter-to-kafka-service\build\classes\kotlin\main started by Luiz in C:\kotlin-microservices-study\microservices-demo)
2022-02-02 18:46:04 [main] INFO  c.m.d.t.t.k.s.TwitterToKafkaServiceApplicationKt - No active profile set, falling back to default profiles: default
2022-02-02 18:46:05 [main] WARN  o.s.c.a.AnnotationConfigApplicationContext - Exception encountered during context initialization - cancelling refresh attempt: org.springframework.beans.factory.UnsatisfiedDependencyException: Error creating bean with name 'twitterToKafkaServiceApplication': Unsatisfied dependency expressed through field 'twitterToKafkaServiceConfigData'; nested exception is org.springframework.beans.factory.NoSuchBeanDefinitionException: No qualifying bean of type 'com.microservices.demo.twitter.to.kafka.service.config.TwitterToKafkaServiceConfigData' available: expected at least 1 bean which qualifies as autowire candidate. Dependency annotations: {@org.springframework.beans.factory.annotation.Autowired(required=true)}
2022-02-02 18:46:05 [main] INFO  o.s.b.a.l.ConditionEvaluationReportLoggingListener - 

Error starting ApplicationContext. To display the conditions report re-run your application with 'debug' enabled.
2022-02-02 18:46:05 [main] ERROR o.s.b.d.LoggingFailureAnalysisReporter - 

***************************
APPLICATION FAILED TO START
***************************

Description:

Field twitterToKafkaServiceConfigData in com.microservices.demo.twitter.to.kafka.service.TwitterToKafkaServiceApplication required a bean of type 'com.microservices.demo.twitter.to.kafka.service.config.TwitterToKafkaServiceConfigData' that could not be found.

The injection point has the following annotations:
	- @org.springframework.beans.factory.annotation.Autowired(required=true)


Action:

Consider defining a bean of type 'com.microservices.demo.twitter.to.kafka.service.config.TwitterToKafkaServiceConfigData' in your configuration.

2022-02-02 18:46:44 [main] INFO  c.m.d.t.t.k.s.TwitterToKafkaServiceApplicationKt - Starting TwitterToKafkaServiceApplicationKt using Java 11.0.11 on DESKTOP-3J5SO4P with PID 11896 (C:\kotlin-microservices-study\microservices-demo\twitter-to-kafka-service\build\classes\kotlin\main started by Luiz in C:\kotlin-microservices-study\microservices-demo)
2022-02-02 18:46:44 [main] INFO  c.m.d.t.t.k.s.TwitterToKafkaServiceApplicationKt - No active profile set, falling back to default profiles: default
2022-02-02 18:46:45 [main] WARN  o.s.c.a.AnnotationConfigApplicationContext - Exception encountered during context initialization - cancelling refresh attempt: org.springframework.beans.factory.UnsatisfiedDependencyException: Error creating bean with name 'twitterToKafkaServiceApplication': Unsatisfied dependency expressed through field 'twitterToKafkaServiceConfigData'; nested exception is org.springframework.beans.factory.NoSuchBeanDefinitionException: No qualifying bean of type 'com.microservices.demo.twitter.to.kafka.service.config.TwitterToKafkaServiceConfigData' available: expected at least 1 bean which qualifies as autowire candidate. Dependency annotations: {@org.springframework.beans.factory.annotation.Autowired(required=true)}
2022-02-02 18:46:45 [main] INFO  o.s.b.a.l.ConditionEvaluationReportLoggingListener - 

Error starting ApplicationContext. To display the conditions report re-run your application with 'debug' enabled.
2022-02-02 18:46:45 [main] ERROR o.s.b.d.LoggingFailureAnalysisReporter - 

***************************
APPLICATION FAILED TO START
***************************

Description:

Field twitterToKafkaServiceConfigData in com.microservices.demo.twitter.to.kafka.service.TwitterToKafkaServiceApplication required a bean of type 'com.microservices.demo.twitter.to.kafka.service.config.TwitterToKafkaServiceConfigData' that could not be found.

The injection point has the following annotations:
	- @org.springframework.beans.factory.annotation.Autowired(required=true)


Action:

Consider defining a bean of type 'com.microservices.demo.twitter.to.kafka.service.config.TwitterToKafkaServiceConfigData' in your configuration.

2022-02-02 18:47:02 [main] INFO  c.m.d.t.t.k.s.TwitterToKafkaServiceApplicationKt - Starting TwitterToKafkaServiceApplicationKt using Java 11.0.11 on DESKTOP-3J5SO4P with PID 4168 (C:\kotlin-microservices-study\microservices-demo\twitter-to-kafka-service\build\classes\kotlin\main started by Luiz in C:\kotlin-microservices-study\microservices-demo)
2022-02-02 18:47:02 [main] INFO  c.m.d.t.t.k.s.TwitterToKafkaServiceApplicationKt - No active profile set, falling back to default profiles: default
2022-02-02 18:47:03 [main] INFO  c.m.d.t.t.k.s.TwitterToKafkaServiceApplicationKt - Started TwitterToKafkaServiceApplicationKt in 0.99 seconds (JVM running for 1.389)
2022-02-02 18:47:03 [main] INFO  c.m.d.t.t.k.s.TwitterToKafkaServiceApplication - App starts...
2022-02-02 18:47:03 [main] INFO  c.m.d.t.t.k.s.TwitterToKafkaServiceApplication - [Ljava.util.List;@7d3c09ec
2022-02-02 18:48:53 [main] INFO  c.m.d.t.t.k.s.TwitterToKafkaServiceApplicationKt - Starting TwitterToKafkaServiceApplicationKt using Java 11.0.11 on DESKTOP-3J5SO4P with PID 3404 (C:\kotlin-microservices-study\microservices-demo\twitter-to-kafka-service\build\classes\kotlin\main started by Luiz in C:\kotlin-microservices-study\microservices-demo)
2022-02-02 18:48:53 [main] INFO  c.m.d.t.t.k.s.TwitterToKafkaServiceApplicationKt - No active profile set, falling back to default profiles: default
2022-02-02 18:48:54 [main] INFO  c.m.d.t.t.k.s.TwitterToKafkaServiceApplicationKt - Started TwitterToKafkaServiceApplicationKt in 0.987 seconds (JVM running for 1.395)
2022-02-02 18:48:54 [main] INFO  c.m.d.t.t.k.s.TwitterToKafkaServiceApplication - App starts...
2022-02-02 18:48:54 [main] INFO  c.m.d.t.t.k.s.TwitterToKafkaServiceApplication - [Java, Microservices, Spring, Kafka, ElasticSearch]
2022-02-02 18:49:03 [main] INFO  c.m.d.t.t.k.s.TwitterToKafkaServiceApplicationKt - Starting TwitterToKafkaServiceApplicationKt using Java 11.0.11 on DESKTOP-3J5SO4P with PID 26016 (C:\kotlin-microservices-study\microservices-demo\twitter-to-kafka-service\build\classes\kotlin\main started by Luiz in C:\kotlin-microservices-study\microservices-demo)
2022-02-02 18:49:03 [main] INFO  c.m.d.t.t.k.s.TwitterToKafkaServiceApplicationKt - No active profile set, falling back to default profiles: default
2022-02-02 18:49:04 [main] INFO  c.m.d.t.t.k.s.TwitterToKafkaServiceApplicationKt - Started TwitterToKafkaServiceApplicationKt in 0.982 seconds (JVM running for 1.383)
2022-02-02 18:49:04 [main] INFO  c.m.d.t.t.k.s.TwitterToKafkaServiceApplication - App starts...
2022-02-02 18:49:04 [main] INFO  c.m.d.t.t.k.s.TwitterToKafkaServiceApplication - [Java, Microservices, Spring, Kafka, ElasticSearch]
2022-02-02 18:51:49 [main] INFO  c.m.d.t.t.k.s.TwitterToKafkaServiceApplicationKt - Starting TwitterToKafkaServiceApplicationKt using Java 11.0.11 on DESKTOP-3J5SO4P with PID 17404 (C:\kotlin-microservices-study\microservices-demo\twitter-to-kafka-service\build\classes\kotlin\main started by Luiz in C:\kotlin-microservices-study\microservices-demo)
2022-02-02 18:51:49 [main] INFO  c.m.d.t.t.k.s.TwitterToKafkaServiceApplicationKt - No active profile set, falling back to default profiles: default
2022-02-02 18:51:50 [main] INFO  c.m.d.t.t.k.s.TwitterToKafkaServiceApplicationKt - Started TwitterToKafkaServiceApplicationKt in 0.989 seconds (JVM running for 1.475)
2022-02-02 18:51:50 [main] INFO  c.m.d.t.t.k.s.TwitterToKafkaServiceApplication - App starts...
2022-02-02 18:51:50 [main] INFO  c.m.d.t.t.k.s.TwitterToKafkaServiceApplication - [Java, Microservices, Spring, Kafka, ElasticSearch]
